Permissions 0644 for n8n settings file /home/misc/.n8n/config are too wide. This is ignored for now, but in the future n8n will attempt to change the permissions automatically. To automatically enforce correct permissions now set N8N_ENFORCE_SETTINGS_FILE_PERMISSIONS=true (recommended), or turn this check off set N8N_ENFORCE_SETTINGS_FILE_PERMISSIONS=false.
User settings loaded from: /home/misc/.n8n/config
Initializing n8n process
n8n ready on 0.0.0.0, port 443

There is a deprecation related to your environment variables. Please take the recommended actions to update your configuration:
 - N8N_RUNNERS_ENABLED -> Running n8n without task runners is deprecated. Task runners will be turned on by default in a future version. Please set `N8N_RUNNERS_ENABLED=true` to enable task runners now and avoid potential issues in the future. Learn more: https://docs.n8n.io/hosting/configuration/task-runners/

Version: 1.80.5
 ================================
   Start Active Workflows:
 ================================
   - "My workflow" (ID: 9jLiMkjpGL92Q07a))
     => Started

Editor is now accessible via:
https://vps57267.publiccloud.com.br
404 The requested webhook "979897b4-4735-4d10-98e5-f2e7f4dfa0e4" is not registered.
404 The requested webhook "979897b4-4735-4d10-98e5-f2e7f4dfa0e4" is not registered.
404 The requested webhook "979897b4-4735-4d10-98e5-f2e7f4dfa0e4" is not registered.
404 The requested webhook "979897b4-4735-4d10-98e5-f2e7f4dfa0e4" is not registered.
404 The requested webhook "979897b4-4735-4d10-98e5-f2e7f4dfa0e4" is not registered.
404 The requested webhook "979897b4-4735-4d10-98e5-f2e7f4dfa0e4" is not registered.
404 The requested webhook "979897b4-4735-4d10-98e5-f2e7f4dfa0e4" is not registered.
404 The requested webhook "979897b4-4735-4d10-98e5-f2e7f4dfa0e4" is not registered.
404 The requested webhook "979897b4-4735-4d10-98e5-f2e7f4dfa0e4" is not registered.
404 The requested webhook "979897b4-4735-4d10-98e5-f2e7f4dfa0e4" is not registered.
404 The requested webhook "979897b4-4735-4d10-98e5-f2e7f4dfa0e4" is not registered.
404 The requested webhook "979897b4-4735-4d10-98e5-f2e7f4dfa0e4" is not registered.
